{"C:\\Users\\gilca\\OneDrive\\Documents\\CS456_Project\\model\\UserDaoMem.js": {"path":"C:\\Users\\gilca\\OneDrive\\Documents\\CS456_Project\\model\\UserDaoMem.js","statementMap":{"0":{"start":{"line":2,"column":0},"end":{"line":2,"column":41}},"1":{"start":{"line":4,"column":0},"end":{"line":6,"column":1}},"2":{"start":{"line":5,"column":4},"end":{"line":5,"column":28}},"3":{"start":{"line":8,"column":0},"end":{"line":12,"column":1}},"4":{"start":{"line":9,"column":16},"end":{"line":9,"column":23}},"5":{"start":{"line":10,"column":4},"end":{"line":11,"column":21}},"6":{"start":{"line":10,"column":20},"end":{"line":10,"column":51}},"7":{"start":{"line":11,"column":9},"end":{"line":11,"column":21}},"8":{"start":{"line":14,"column":0},"end":{"line":21,"column":1}},"9":{"start":{"line":15,"column":4},"end":{"line":18,"column":27}},"10":{"start":{"line":16,"column":8},"end":{"line":16,"column":79}},"11":{"start":{"line":18,"column":8},"end":{"line":18,"column":27}},"12":{"start":{"line":19,"column":4},"end":{"line":19,"column":38}},"13":{"start":{"line":23,"column":0},"end":{"line":30,"column":1}},"14":{"start":{"line":24,"column":16},"end":{"line":24,"column":23}},"15":{"start":{"line":25,"column":25},"end":{"line":25,"column":29}},"16":{"start":{"line":26,"column":4},"end":{"line":29,"column":5}},"17":{"start":{"line":28,"column":8},"end":{"line":28,"column":41}},"18":{"start":{"line":32,"column":0},"end":{"line":39,"column":1}},"19":{"start":{"line":33,"column":4},"end":{"line":38,"column":27}},"20":{"start":{"line":34,"column":20},"end":{"line":34,"column":27}},"21":{"start":{"line":35,"column":8},"end":{"line":35,"column":44}},"22":{"start":{"line":38,"column":8},"end":{"line":38,"column":27}},"23":{"start":{"line":42,"column":4},"end":{"line":47,"column":5}},"24":{"start":{"line":42,"column":15},"end":{"line":42,"column":16}},"25":{"start":{"line":43,"column":8},"end":{"line":46,"column":9}},"26":{"start":{"line":45,"column":12},"end":{"line":45,"column":21}},"27":{"start":{"line":49,"column":4},"end":{"line":49,"column":16}}},"fnMap":{"0":{"name":"(anonymous_0)","decl":{"start":{"line":4,"column":18},"end":{"line":4,"column":19}},"loc":{"start":{"line":4,"column":28},"end":{"line":6,"column":1}},"line":4},"1":{"name":"(anonymous_1)","decl":{"start":{"line":8,"column":15},"end":{"line":8,"column":16}},"loc":{"start":{"line":8,"column":29},"end":{"line":12,"column":1}},"line":8},"2":{"name":"(anonymous_2)","decl":{"start":{"line":14,"column":17},"end":{"line":14,"column":18}},"loc":{"start":{"line":14,"column":38},"end":{"line":21,"column":1}},"line":14},"3":{"name":"(anonymous_3)","decl":{"start":{"line":23,"column":14},"end":{"line":23,"column":15}},"loc":{"start":{"line":23,"column":29},"end":{"line":30,"column":1}},"line":23},"4":{"name":"(anonymous_4)","decl":{"start":{"line":32,"column":17},"end":{"line":32,"column":18}},"loc":{"start":{"line":32,"column":40},"end":{"line":39,"column":1}},"line":32},"5":{"name":"pos","decl":{"start":{"line":41,"column":9},"end":{"line":41,"column":12}},"loc":{"start":{"line":41,"column":16},"end":{"line":51,"column":1}},"line":41}},"branchMap":{"0":{"loc":{"start":{"line":10,"column":4},"end":{"line":11,"column":21}},"type":"if","locations":[{"start":{"line":10,"column":4},"end":{"line":11,"column":21}},{"start":{"line":11,"column":9},"end":{"line":11,"column":21}}],"line":10},"1":{"loc":{"start":{"line":15,"column":4},"end":{"line":18,"column":27}},"type":"if","locations":[{"start":{"line":15,"column":4},"end":{"line":18,"column":27}},{"start":{"line":18,"column":8},"end":{"line":18,"column":27}}],"line":15},"2":{"loc":{"start":{"line":26,"column":4},"end":{"line":29,"column":5}},"type":"if","locations":[{"start":{"line":26,"column":4},"end":{"line":29,"column":5}},{"start":{},"end":{}}],"line":26},"3":{"loc":{"start":{"line":33,"column":4},"end":{"line":38,"column":27}},"type":"if","locations":[{"start":{"line":33,"column":4},"end":{"line":38,"column":27}},{"start":{"line":38,"column":8},"end":{"line":38,"column":27}}],"line":33},"4":{"loc":{"start":{"line":43,"column":8},"end":{"line":46,"column":9}},"type":"if","locations":[{"start":{"line":43,"column":8},"end":{"line":46,"column":9}},{"start":{},"end":{}}],"line":43}},"s":{"0":1,"1":1,"2":1,"3":1,"4":1,"5":1,"6":1,"7":0,"8":1,"9":2,"10":2,"11":0,"12":2,"13":1,"14":1,"15":1,"16":1,"17":1,"18":1,"19":1,"20":1,"21":1,"22":0,"23":3,"24":3,"25":17,"26":2,"27":1},"f":{"0":1,"1":1,"2":2,"3":1,"4":1,"5":3},"b":{"0":[1,0],"1":[2,0],"2":[1,0],"3":[1,0],"4":[2,15]},"_coverageSchema":"1a1c01bbd47fc00a2c39e90264f33305004495a9","hash":"e9a004d0713a2da7985697b085d03eb87a1d21b9"}
}
