TN:
SF:model\UserDaoMem.js
FN:4,(anonymous_0)
FN:8,(anonymous_1)
FN:14,(anonymous_2)
FN:23,(anonymous_3)
FN:32,(anonymous_4)
FN:41,pos
FNF:6
FNH:6
FNDA:1,(anonymous_0)
FNDA:1,(anonymous_1)
FNDA:2,(anonymous_2)
FNDA:1,(anonymous_3)
FNDA:1,(anonymous_4)
FNDA:3,pos
DA:2,1
DA:4,1
DA:5,1
DA:8,1
DA:9,1
DA:10,1
DA:11,0
DA:14,1
DA:15,2
DA:16,2
DA:18,0
DA:19,2
DA:23,1
DA:24,1
DA:25,1
DA:26,1
DA:28,1
DA:32,1
DA:33,1
DA:34,1
DA:35,1
DA:38,0
DA:42,3
DA:43,17
DA:45,2
DA:49,1
LF:26
LH:23
BRDA:10,0,0,1
BRDA:10,0,1,0
BRDA:15,1,0,2
BRDA:15,1,1,0
BRDA:26,2,0,1
BRDA:26,2,1,0
BRDA:33,3,0,1
BRDA:33,3,1,0
BRDA:43,4,0,2
BRDA:43,4,1,15
BRF:10
BRH:6
end_of_record
